2025-08-18 02:47:06,649 [INFO] Step-1: Folder created: uploads/f029de0d-b900-41ca-9f61-ceeb6cd081a1
2025-08-18 02:47:06,651 [INFO] Using Python executable: venv1/bin/python3
2025-08-18 02:47:06,652 [INFO] Step-2: File sent {'question.txt': 'uploads/f029de0d-b900-41ca-9f61-ceeb6cd081a1/question.txt'}
2025-08-18 02:47:06,652 [INFO] ğŸ¤– Step-1: Getting scrap code and metadata from llm. Tries count = 0
2025-08-18 02:47:48,997 [INFO] ğŸ¤– Step-1: Successfully parsed response from LLM.
2025-08-18 02:47:48,998 [INFO] ğŸ’» Step-3: Entering loop
2025-08-18 02:47:48,999 [INFO] ğŸ’» Loop-1: Running LLM code.
2025-08-18 02:57:27,599 [ERROR] âŒğŸ’» Loop-1: Code execution failed: âŒ Execution error: Traceback (most recent call last): File "/home/felicia/TDS_project2/uploads/f029de0d-b900-41ca-9f61-ceeb6cd081a1/job_/script.py", line 73, in <module> plt.savefig(buf, format='webp', quality=80) ~~~~~~~~~~~^^^^^^^^^^^^^^^^^^^^^^^^^^^^^^^^ File "/home/felicia/TDS_project2/venv1/lib/python3.13/site-packages/matplotlib/pyplot.py", line 1251, in savefig res = fig.savefig(*args, **kwargs) # type: ignore[func-returns-value] File "/home/felicia/TDS_project2/venv1/lib/python3.13/site-packages/matplotlib/figure.py", line 3490, in savefig self.canvas.print_figure(fname, **kwargs) ~~~~~~~~~~~~~~~~~~~~~~~~^^^^^^^^^^^^^^^^^ File "/home/felicia/TDS_project2/venv1/lib/python3.13/site-packages/matplotlib/backend_bases.py", line 2186, in print_figure result = print_method( filename, ...<3 lines>... bbox_inches_restore=_bbox_inches_restore, **kwargs) File "/home/felicia/TDS_project2/venv1/lib/python3.13/site-packages/matplotlib/backend_bases.py", line 2042, in <lambda> print_method = functools.wraps(meth)(lambda *args, **kwargs: meth( ~~~~^ *args, **{k: v for k, v in kwargs.items() if k not in skip})) ^^^^^^^^^^^^^^^^^^^^^^^^^^^^^^^^^^^^^^^^^^^^^^^^^^^^^^^^^^^^ TypeError: FigureCanvasAgg.print_webp() got an unexpected keyword argument 'quality'
2025-08-18 02:57:27,599 [INFO] ğŸ¤– Loop-1: Inside Loop LLM call.
2025-08-18 02:57:54,476 [INFO] ğŸ’» Step-6: Running final code.
2025-08-18 03:06:33,837 [INFO] ğŸ“ Step-7: Reading result.json
2025-08-18 03:06:33,839 [INFO] âœ…ğŸ“ Step-7: send result back
